<?xml version="1.0" encoding="UTF-8" ?>
<testsuite tests="48" failures="0" name="TestSuite" time="15.803" errors="0" skipped="0">
  <properties>
    <property name="java.runtime.name" value="Java(TM) SE Runtime Environment"/>
    <property name="sun.boot.library.path" value="C:\Program Files\Java\jdk1.8.0_45\jre\bin"/>
    <property name="java.vm.version" value="25.45-b02"/>
    <property name="user.country.format" value="SK"/>
    <property name="java.vm.vendor" value="Oracle Corporation"/>
    <property name="java.vendor.url" value="http://java.oracle.com/"/>
    <property name="path.separator" value=";"/>
    <property name="guice.disable.misplaced.annotation.check" value="true"/>
    <property name="java.vm.name" value="Java HotSpot(TM) 64-Bit Server VM"/>
    <property name="file.encoding.pkg" value="sun.io"/>
    <property name="user.script" value=""/>
    <property name="user.country" value="CZ"/>
    <property name="sun.java.launcher" value="SUN_STANDARD"/>
    <property name="sun.os.patch.level" value=""/>
    <property name="java.vm.specification.name" value="Java Virtual Machine Specification"/>
    <property name="user.dir" value="C:\Users\charlliz\pa165\projekt\PA165-java-project"/>
    <property name="java.runtime.version" value="1.8.0_45-b14"/>
    <property name="java.awt.graphicsenv" value="sun.awt.Win32GraphicsEnvironment"/>
    <property name="java.endorsed.dirs" value="C:\Program Files\Java\jdk1.8.0_45\jre\lib\endorsed"/>
    <property name="os.arch" value="amd64"/>
    <property name="java.io.tmpdir" value="C:\Users\charlliz\AppData\Local\Temp\"/>
    <property name="line.separator" value="
"/>
    <property name="java.vm.specification.vendor" value="Oracle Corporation"/>
    <property name="user.variant" value=""/>
    <property name="os.name" value="Windows 8.1"/>
    <property name="maven.ext.class.path" value="C:\Program Files\NetBeans 8.0.2\java\maven-nblib\netbeans-eventspy.jar"/>
    <property name="classworlds.conf" value="C:\Program Files\NetBeans 8.0.2\java\maven\bin\m2.conf"/>
    <property name="sun.jnu.encoding" value="Cp1250"/>
    <property name="java.library.path" value="C:\Program Files\Java\jdk1.8.0_45\bin;C:\WINDOWS\Sun\Java\bin;C:\WINDOWS\system32;C:\WINDOWS;C:\ProgramData\Oracle\Java\javapath;C:\Program Files\Haskell\bin;C:\Program Files\Haskell Platform\2014.2.0.0\lib\extralibs\bin;C:\Program Files\Haskell Platform\2014.2.0.0\bin;C:\Program Files\Java\jdk1.8.0\bin;C:\WINDOWS\system32;C:\WINDOWS;C:\WINDOWS\System32\Wbem;C:\WINDOWS\System32\WindowsPowerShell\v1.0\;C:\Program Files\Haskell Platform\2014.2.0.0\mingw\bin;C:\Qt\Tools\mingw492_32\bin;C:\cygwin64\bin;C:\Users\charlliz\.dnx\bin;C:\Program Files\Microsoft DNX\Dnvm\;C:\Program Files (x86)\MiKTeX 2.9\miktex\bin\;C:\WINDOWS\system32;C:\WINDOWS;C:\WINDOWS\System32\Wbem;C:\WINDOWS\System32\WindowsPowerShell\v1.0\;C:\Program Files\Microsoft\Web Platform Installer\;C:\Program Files (x86)\Skype\Phone\;C:\Program Files\nodejs\;C:\Users\charlliz\AppData\Local\GitHub\PortableGit_c2ba306e536fdf878271f7fe636a147ff37326ad\cmd;C:\Program Files (x86)\Windows Kits\10\Windows Performance Toolkit\;C:\Program Files\OpenVPN\bin;C:\Program Files\Microsoft SQL Server\120\Tools\Binn\;C:\Program Files\Microsoft SQL Server\Client SDK\ODBC\110\Tools\Binn\;C:\Program Files (x86)\Microsoft SQL Server\120\Tools\Binn\;C:\Program Files\Microsoft SQL Server\120\DTS\Binn\;C:\Program Files (x86)\Microsoft SQL Server\120\Tools\Binn\ManagementStudio\;C:\Program Files (x86)\Microsoft SQL Server\120\DTS\Binn\;C:\Program Files\Java\jdk1.7.0_79\bin;C:\Program Files\MiKTeX 2.9\miktex\bin\x64\;C:\Program Files\Microsoft SQL Server\130\Tools\Binn\;C:\Users\charlliz\Anaconda3;C:\Users\charlliz\Anaconda3\Scripts;C:\Users\charlliz\Anaconda3\Library\bin;C:\Users\charlliz\AppData\Roaming\cabal\bin;C:\Users\charlliz\AppData\Roaming\npm;C:\Program Files (x86)\Microsoft VS Code\bin;C:\Users\charlliz\AppData\Local\Microsoft\WindowsApps;C:\Users\charlliz\apache-maven-3.3.9\bin;."/>
    <property name="java.specification.name" value="Java Platform API Specification"/>
    <property name="java.class.version" value="52.0"/>
    <property name="sun.management.compiler" value="HotSpot 64-Bit Tiered Compilers"/>
    <property name="os.version" value="6.3"/>
    <property name="user.home" value="C:\Users\charlliz"/>
    <property name="user.timezone" value="Europe/Prague"/>
    <property name="java.awt.printerjob" value="sun.awt.windows.WPrinterJob"/>
    <property name="java.specification.version" value="1.8"/>
    <property name="file.encoding" value="Cp1250"/>
    <property name="user.name" value="charlliz"/>
    <property name="java.class.path" value="C:\Program Files\NetBeans 8.0.2\java\maven\boot\plexus-classworlds-2.4.jar"/>
    <property name="java.vm.specification.version" value="1.8"/>
    <property name="sun.arch.data.model" value="64"/>
    <property name="java.home" value="C:\Program Files\Java\jdk1.8.0_45\jre"/>
    <property name="sun.java.command" value="org.codehaus.plexus.classworlds.launcher.Launcher -Dmaven.ext.class.path=C:\Program Files\NetBeans 8.0.2\java\maven-nblib\netbeans-eventspy.jar clean install"/>
    <property name="java.specification.vendor" value="Oracle Corporation"/>
    <property name="user.language" value="cs"/>
    <property name="user.language.format" value="sk"/>
    <property name="awt.toolkit" value="sun.awt.windows.WToolkit"/>
    <property name="java.vm.info" value="mixed mode"/>
    <property name="java.version" value="1.8.0_45"/>
    <property name="java.ext.dirs" value="C:\Program Files\Java\jdk1.8.0_45\jre\lib\ext;C:\WINDOWS\Sun\Java\lib\ext"/>
    <property name="sun.boot.class.path" value="C:\Program Files\Java\jdk1.8.0_45\jre\lib\resources.jar;C:\Program Files\Java\jdk1.8.0_45\jre\lib\rt.jar;C:\Program Files\Java\jdk1.8.0_45\jre\lib\sunrsasign.jar;C:\Program Files\Java\jdk1.8.0_45\jre\lib\jsse.jar;C:\Program Files\Java\jdk1.8.0_45\jre\lib\jce.jar;C:\Program Files\Java\jdk1.8.0_45\jre\lib\charsets.jar;C:\Program Files\Java\jdk1.8.0_45\jre\lib\jfr.jar;C:\Program Files\Java\jdk1.8.0_45\jre\classes"/>
    <property name="java.vendor" value="Oracle Corporation"/>
    <property name="maven.home" value="C:\Program Files\NetBeans 8.0.2\java\maven"/>
    <property name="file.separator" value="\"/>
    <property name="java.vendor.url.bug" value="http://bugreport.sun.com/bugreport/"/>
    <property name="sun.cpu.endian" value="little"/>
    <property name="sun.io.unicode.encoding" value="UnicodeLittle"/>
    <property name="sun.desktop" value="windows"/>
    <property name="sun.cpu.isalist" value="amd64"/>
  </properties>
  <testcase classname="cz.fi.muni.pa165.Model.Dao.ApplicationApprovedRecordDaoImplTest" name="testFindAll" time="0.001"/>
  <testcase classname="cz.fi.muni.pa165.Model.Dao.ApplicationApprovedRecordDaoImplTest" name="testFindByCar" time="0"/>
  <testcase classname="cz.fi.muni.pa165.Model.Dao.ApplicationApprovedRecordDaoImplTest" name="testFindById" time="0"/>
  <testcase classname="cz.fi.muni.pa165.Model.Dao.ApplicationApprovedRecordDaoImplTest" name="testFindByUser" time="0"/>
  <testcase classname="cz.fi.muni.pa165.Model.Dao.ApplicationApprovedRecordDaoImplTest" name="testGetRecordsCreatedBetween" time="0"/>
  <testcase classname="cz.fi.muni.pa165.Model.Dao.ApplicationRejectedRecordDaoImplTest" name="testDelete" time="0"/>
  <testcase classname="cz.fi.muni.pa165.Model.Dao.ApplicationRejectedRecordDaoImplTest" name="testFindAll" time="0.005"/>
  <testcase classname="cz.fi.muni.pa165.Model.Dao.ApplicationRejectedRecordDaoImplTest" name="testFindByCar" time="0"/>
  <testcase classname="cz.fi.muni.pa165.Model.Dao.ApplicationRejectedRecordDaoImplTest" name="testFindById" time="0"/>
  <testcase classname="cz.fi.muni.pa165.Model.Dao.ApplicationRejectedRecordDaoImplTest" name="testFindByUser" time="0"/>
  <testcase classname="cz.fi.muni.pa165.Model.Dao.CarDaoImplTest" name="testFindAll" time="0"/>
  <testcase classname="cz.fi.muni.pa165.Model.Dao.CarDaoImplTest" name="testFindById" time="0"/>
  <testcase classname="cz.fi.muni.pa165.Model.Dao.CarDaoImplTest" name="testFindByRegPlateNumber" time="0"/>
  <testcase classname="cz.fi.muni.pa165.Model.Dao.CarDaoImplTest" name="testFindBySerialNumber" time="0.095"/>
  <testcase classname="cz.fi.muni.pa165.Model.Dao.CarDaoImplTest" name="testFindByState" time="0"/>
  <testcase classname="cz.fi.muni.pa165.Model.Entity.CarTest" name="testChangeStateInvalidTransitions" time="0"/>
  <testcase classname="cz.fi.muni.pa165.Model.Entity.CarTest" name="testChangeStateValidTransitions" time="0"/>
  <testcase classname="cz.fi.muni.pa165.Model.PersonNameTest" name="testEquals" time="0"/>
  <testcase classname="cz.fi.muni.pa165.Model.PersonNameTest" name="testGetFirst" time="0"/>
  <testcase classname="cz.fi.muni.pa165.Model.PersonNameTest" name="testGetLast" time="0"/>
  <testcase classname="cz.fi.muni.pa165.Model.PersonNameTest" name="testHashCode" time="0"/>
  <testcase classname="cz.fi.muni.pa165.Model.PersonNameTest" name="testOf_compositeFistNameAndLastName" time="0"/>
  <testcase classname="cz.fi.muni.pa165.Model.PersonNameTest" name="testOf_separateFirstNameAndLastName" time="0"/>
  <testcase classname="cz.fi.muni.pa165.Model.Dao.RentApplicationDaoImplTest" name="testFindAll" time="0"/>
  <testcase classname="cz.fi.muni.pa165.Model.Dao.RentApplicationDaoImplTest" name="testFindByCar" time="0"/>
  <testcase classname="cz.fi.muni.pa165.Model.Dao.RentApplicationDaoImplTest" name="testFindById" time="0"/>
  <testcase classname="cz.fi.muni.pa165.Model.Dao.RentApplicationDaoImplTest" name="testFindByUser" time="0"/>
  <testcase classname="cz.fi.muni.pa165.Model.Dao.RentApplicationDaoImplTest" name="testGetRecordsCreatedBetween" time="0"/>
  <testcase classname="cz.fi.muni.pa165.Model.Dao.RentRecordDaoImplTest" name="testFindAll" time="0"/>
  <testcase classname="cz.fi.muni.pa165.Model.Dao.RentRecordDaoImplTest" name="testFindByCar" time="0.001"/>
  <testcase classname="cz.fi.muni.pa165.Model.Dao.RentRecordDaoImplTest" name="testFindById" time="0"/>
  <testcase classname="cz.fi.muni.pa165.Model.Dao.RentRecordDaoImplTest" name="testFindByUser" time="0"/>
  <testcase classname="cz.fi.muni.pa165.Model.Dao.RentRecordDaoImplTest" name="testGetRecordsCreatedBetween" time="0.001"/>
  <testcase classname="cz.fi.muni.pa165.Model.Dao.ReturnRecordDaoImplTest" name="testFindAll" time="0.001"/>
  <testcase classname="cz.fi.muni.pa165.Model.Dao.ReturnRecordDaoImplTest" name="testFindByCar" time="0"/>
  <testcase classname="cz.fi.muni.pa165.Model.Dao.ReturnRecordDaoImplTest" name="testFindById" time="0.001"/>
  <testcase classname="cz.fi.muni.pa165.Model.Dao.ReturnRecordDaoImplTest" name="testFindByUser" time="0"/>
  <testcase classname="cz.fi.muni.pa165.Model.Dao.ReturnRecordDaoImplTest" name="testGetRecordsCreatedBetween" time="0.009"/>
  <testcase classname="cz.fi.muni.pa165.Model.Dao.UserDaoImplTest" name="testFindAll" time="0"/>
  <testcase classname="cz.fi.muni.pa165.Model.Dao.UserDaoImplTest" name="testFindById" time="0"/>
  <testcase classname="cz.fi.muni.pa165.Model.Dao.UserDaoImplTest" name="testFindByName" time="0"/>
  <testcase classname="cz.fi.muni.pa165.Model.Entity.UserTest" name="testChangeName" time="0"/>
  <testcase classname="cz.fi.muni.pa165.Model.Entity.UserTest" name="testChangeRole" time="0"/>
  <testcase classname="cz.fi.muni.pa165.Model.Entity.UserTest" name="testConstructWithNulls" time="0"/>
  <testcase classname="cz.fi.muni.pa165.Model.Entity.UserTest" name="testConstructWithNulls" time="0"/>
  <testcase classname="cz.fi.muni.pa165.Model.Entity.UserTest" name="testConstructWithNulls" time="0"/>
  <testcase classname="cz.fi.muni.pa165.Model.Entity.UserTest" name="testConstructWithNulls" time="0"/>
  <testcase classname="cz.fi.muni.pa165.Model.Entity.UserTest" name="testCreate" time="0"/>
</testsuite>