<?xml version="1.0" encoding="UTF-8"?>
<!-- Generated by org.testng.reporters.JUnitReportReporter -->
<testsuite hostname="Ajka-PC" name="cz.fi.muni.pa165.Model.Dao.ApplicationRejectedRecordDaoImplTest" tests="5" failures="0" timestamp="18 Nov 2016 20:20:27 GMT" time="0.212" errors="0">
  <testcase name="testDelete" time="0.018" classname="cz.fi.muni.pa165.Model.Dao.ApplicationRejectedRecordDaoImplTest"/>
  <testcase name="testFindById" time="0.011" classname="cz.fi.muni.pa165.Model.Dao.ApplicationRejectedRecordDaoImplTest"/>
  <testcase name="testFindAll" time="0.064" classname="cz.fi.muni.pa165.Model.Dao.ApplicationRejectedRecordDaoImplTest"/>
  <testcase name="testFindByUser" time="0.066" classname="cz.fi.muni.pa165.Model.Dao.ApplicationRejectedRecordDaoImplTest"/>
  <testcase name="testFindByCar" time="0.053" classname="cz.fi.muni.pa165.Model.Dao.ApplicationRejectedRecordDaoImplTest"/>
</testsuite> <!-- cz.fi.muni.pa165.Model.Dao.ApplicationRejectedRecordDaoImplTest -->
