<?xml version="1.0" encoding="UTF-8"?>
<!-- Generated by org.testng.reporters.JUnitReportReporter -->
<testsuite hostname="Ajka-PC" name="cz.fi.muni.pa165.Model.Dao.CarDaoImplTest" tests="5" failures="0" timestamp="18 Nov 2016 20:20:27 GMT" time="0.201" errors="0">
  <testcase name="testFindByRegPlateNumber" time="0.032" classname="cz.fi.muni.pa165.Model.Dao.CarDaoImplTest"/>
  <testcase name="testFindByState" time="0.069" classname="cz.fi.muni.pa165.Model.Dao.CarDaoImplTest"/>
  <testcase name="testFindAll" time="0.042" classname="cz.fi.muni.pa165.Model.Dao.CarDaoImplTest"/>
  <testcase name="testFindById" time="0.029" classname="cz.fi.muni.pa165.Model.Dao.CarDaoImplTest"/>
  <testcase name="testFindBySerialNumber" time="0.029" classname="cz.fi.muni.pa165.Model.Dao.CarDaoImplTest"/>
</testsuite> <!-- cz.fi.muni.pa165.Model.Dao.CarDaoImplTest -->
