<?xml version="1.0" encoding="UTF-8"?>
<!-- Generated by org.testng.reporters.JUnitReportReporter -->
<testsuite hostname="Ajka-PC" name="cz.fi.muni.pa165.Model.Dao.ApplicationApprovedRecordDaoImplTest" tests="5" failures="0" timestamp="18 Nov 2016 20:20:27 GMT" time="2.150" errors="0">
  <testcase name="testGetRecordsCreatedBetween" time="0.607" classname="cz.fi.muni.pa165.Model.Dao.ApplicationApprovedRecordDaoImplTest"/>
  <testcase name="testFindAll" time="1.165" classname="cz.fi.muni.pa165.Model.Dao.ApplicationApprovedRecordDaoImplTest"/>
  <testcase name="testFindByCar" time="0.127" classname="cz.fi.muni.pa165.Model.Dao.ApplicationApprovedRecordDaoImplTest"/>
  <testcase name="testFindByUser" time="0.082" classname="cz.fi.muni.pa165.Model.Dao.ApplicationApprovedRecordDaoImplTest"/>
  <testcase name="testFindById" time="0.169" classname="cz.fi.muni.pa165.Model.Dao.ApplicationApprovedRecordDaoImplTest"/>
</testsuite> <!-- cz.fi.muni.pa165.Model.Dao.ApplicationApprovedRecordDaoImplTest -->
