<?xml version="1.0" encoding="UTF-8"?>
<!-- Generated by org.testng.reporters.JUnitReportReporter -->
<testsuite hostname="Ajka-PC" name="cz.fi.muni.pa165.Model.PersonNameTest" tests="6" failures="0" timestamp="18 Nov 2016 20:20:27 GMT" time="0.006" errors="0">
  <testcase name="testOf_separateFirstNameAndLastName" time="0.001" classname="cz.fi.muni.pa165.Model.PersonNameTest"/>
  <testcase name="testEquals" time="0.000" classname="cz.fi.muni.pa165.Model.PersonNameTest"/>
  <testcase name="testHashCode" time="0.000" classname="cz.fi.muni.pa165.Model.PersonNameTest"/>
  <testcase name="testGetFirst" time="0.001" classname="cz.fi.muni.pa165.Model.PersonNameTest"/>
  <testcase name="testGetLast" time="0.001" classname="cz.fi.muni.pa165.Model.PersonNameTest"/>
  <testcase name="testOf_compositeFistNameAndLastName" time="0.003" classname="cz.fi.muni.pa165.Model.PersonNameTest"/>
</testsuite> <!-- cz.fi.muni.pa165.Model.PersonNameTest -->
