<?xml version="1.0" encoding="UTF-8"?>
<!-- Generated by org.testng.reporters.JUnitReportReporter -->
<testsuite hostname="Ajka-PC" name="cz.fi.muni.pa165.Model.Dao.RentApplicationDaoImplTest" tests="5" failures="0" timestamp="18 Nov 2016 20:20:27 GMT" time="0.371" errors="0">
  <testcase name="testFindAll" time="0.057" classname="cz.fi.muni.pa165.Model.Dao.RentApplicationDaoImplTest"/>
  <testcase name="testGetRecordsCreatedBetween" time="0.072" classname="cz.fi.muni.pa165.Model.Dao.RentApplicationDaoImplTest"/>
  <testcase name="testFindById" time="0.081" classname="cz.fi.muni.pa165.Model.Dao.RentApplicationDaoImplTest"/>
  <testcase name="testFindByUser" time="0.112" classname="cz.fi.muni.pa165.Model.Dao.RentApplicationDaoImplTest"/>
  <testcase name="testFindByCar" time="0.049" classname="cz.fi.muni.pa165.Model.Dao.RentApplicationDaoImplTest"/>
</testsuite> <!-- cz.fi.muni.pa165.Model.Dao.RentApplicationDaoImplTest -->
