<?xml version="1.0" encoding="UTF-8"?>
<!-- Generated by org.testng.reporters.JUnitReportReporter -->
<testsuite hostname="Ajka-PC" name="cz.fi.muni.pa165.Model.Dao.ReturnRecordDaoImplTest" tests="5" failures="0" timestamp="18 Nov 2016 20:20:27 GMT" time="0.330" errors="0">
  <testcase name="testFindAll" time="0.110" classname="cz.fi.muni.pa165.Model.Dao.ReturnRecordDaoImplTest"/>
  <testcase name="testGetRecordsCreatedBetween" time="0.046" classname="cz.fi.muni.pa165.Model.Dao.ReturnRecordDaoImplTest"/>
  <testcase name="testFindById" time="0.060" classname="cz.fi.muni.pa165.Model.Dao.ReturnRecordDaoImplTest"/>
  <testcase name="testFindByUser" time="0.054" classname="cz.fi.muni.pa165.Model.Dao.ReturnRecordDaoImplTest"/>
  <testcase name="testFindByCar" time="0.060" classname="cz.fi.muni.pa165.Model.Dao.ReturnRecordDaoImplTest"/>
</testsuite> <!-- cz.fi.muni.pa165.Model.Dao.ReturnRecordDaoImplTest -->
