<?xml version="1.0" encoding="UTF-8"?>
<!-- Generated by org.testng.reporters.JUnitReportReporter -->
<testsuite hostname="Ajka-PC" name="cz.fi.muni.pa165.Model.Entity.UserTest" tests="7" failures="0" timestamp="18 Nov 2016 20:20:27 GMT" time="0.006" errors="0">
  <testcase name="testConstructWithNulls" time="0.000" classname="cz.fi.muni.pa165.Model.Entity.UserTest"/>
  <testcase name="testChangeRole" time="0.003" classname="cz.fi.muni.pa165.Model.Entity.UserTest"/>
  <testcase name="testChangeName" time="0.000" classname="cz.fi.muni.pa165.Model.Entity.UserTest"/>
  <testcase name="testConstructWithNulls" time="0.003" classname="cz.fi.muni.pa165.Model.Entity.UserTest"/>
  <testcase name="testCreate" time="0.000" classname="cz.fi.muni.pa165.Model.Entity.UserTest"/>
  <testcase name="testConstructWithNulls" time="0.000" classname="cz.fi.muni.pa165.Model.Entity.UserTest"/>
  <testcase name="testConstructWithNulls" time="0.000" classname="cz.fi.muni.pa165.Model.Entity.UserTest"/>
</testsuite> <!-- cz.fi.muni.pa165.Model.Entity.UserTest -->
