<?xml version="1.0" encoding="UTF-8"?>
<!-- Generated by org.testng.reporters.JUnitReportReporter -->
<testsuite hostname="Ajka-PC" name="cz.fi.muni.pa165.Model.Entity.CarTest" tests="2" failures="0" timestamp="18 Nov 2016 20:20:27 GMT" time="0.001" errors="0">
  <testcase name="testChangeStateValidTransitions" time="0.000" classname="cz.fi.muni.pa165.Model.Entity.CarTest"/>
  <testcase name="testChangeStateInvalidTransitions" time="0.001" classname="cz.fi.muni.pa165.Model.Entity.CarTest"/>
</testsuite> <!-- cz.fi.muni.pa165.Model.Entity.CarTest -->
