<?xml version="1.0" encoding="UTF-8"?>
<!-- Generated by org.testng.reporters.JUnitReportReporter -->
<testsuite hostname="Ajka-PC" name="cz.fi.muni.pa165.Model.Dao.UserDaoImplTest" tests="3" failures="0" timestamp="18 Nov 2016 20:20:27 GMT" time="0.066" errors="0">
  <testcase name="testFindById" time="0.017" classname="cz.fi.muni.pa165.Model.Dao.UserDaoImplTest"/>
  <testcase name="testFindByName" time="0.026" classname="cz.fi.muni.pa165.Model.Dao.UserDaoImplTest"/>
  <testcase name="testFindAll" time="0.023" classname="cz.fi.muni.pa165.Model.Dao.UserDaoImplTest"/>
</testsuite> <!-- cz.fi.muni.pa165.Model.Dao.UserDaoImplTest -->
