<?xml version="1.0" encoding="UTF-8"?>
<!-- Generated by org.testng.reporters.JUnitReportReporter -->
<testsuite hostname="Ajka-PC" name="cz.fi.muni.pa165.Model.Dao.RentRecordDaoImplTest" tests="5" failures="0" timestamp="18 Nov 2016 20:20:27 GMT" time="0.273" errors="0">
  <testcase name="testFindById" time="0.057" classname="cz.fi.muni.pa165.Model.Dao.RentRecordDaoImplTest"/>
  <testcase name="testFindByCar" time="0.053" classname="cz.fi.muni.pa165.Model.Dao.RentRecordDaoImplTest"/>
  <testcase name="testFindByUser" time="0.050" classname="cz.fi.muni.pa165.Model.Dao.RentRecordDaoImplTest"/>
  <testcase name="testFindAll" time="0.067" classname="cz.fi.muni.pa165.Model.Dao.RentRecordDaoImplTest"/>
  <testcase name="testGetRecordsCreatedBetween" time="0.046" classname="cz.fi.muni.pa165.Model.Dao.RentRecordDaoImplTest"/>
</testsuite> <!-- cz.fi.muni.pa165.Model.Dao.RentRecordDaoImplTest -->
